2026-05-27 16:31:31,115 - training - INFO - Logger initialized. Log file: checkpoints/vae_gan_v1gt_ramped_resume_20260527_1631/training_20260527_163131.log
2026-05-27 16:31:31,115 - training - INFO - Namespace(data_path='/home/anywherevla/Simon_ws/dataset/SemanticKITTI/dataset', batch_size=8, num_workers=4, num_epochs=30, lr_gen=0.0001, weight_decay_gen=0.0001, gradient_clip=1.0, warmup_epochs=10, lr_disc=0.0001, n_critic=2, lambda_gp=10.0, lambda_adv=0.01, lambda_adv_ramp_epochs=5, lambda_fm=1.0, disc_warmup_epochs=10, use_ema=True, ema_decay=0.999, ema_start_epoch=10, latent_dim=1024, num_decoded_points=8000, num_latent_tokens=32, internal_dim=256, num_heads=4, num_dec_blocks=5, beta_kl=0.001, point_max_complete=8000, point_max_partial=20000, center_gt=True, scale_gt=True, output_dir='checkpoints/vae_gan_v1gt_ramped_resume_20260527_1631', log_dir='logs/vae_gan_v1gt_ramped_resume_20260527_1631', save_freq=5, resume_vae='checkpoints/point_vae_v3/best_point_vae.pth', resume='checkpoints/vae_gan_v1gt_ramped_fixed_20260527_1313/checkpoint_epoch_9.pth', device=None, gt_subdir='ground_truth_v1', gt_name_suffix='', seed=42)
2026-05-27 16:31:31,116 - training - INFO - Seeded with 42
2026-05-27 16:31:31,213 - training - INFO - Using device: cuda
2026-05-27 16:31:31,408 - training - INFO - VAE parameters:           7,107,523
2026-05-27 16:31:31,408 - training - INFO - Discriminator parameters: 372,225
2026-05-27 16:31:31,944 - training - INFO - Loaded pre-trained VAE V3 from checkpoints/point_vae_v3/best_point_vae.pth
2026-05-27 16:31:31,948 - training - INFO - EMA tracking enabled (decay=0.999, start_epoch=10)
2026-05-27 16:31:32,032 - training - INFO - Resumed VAE-GAN from epoch 9, best_val=0.000367
2026-05-27 16:50:06,040 - training - INFO - Epoch  10 | gen=0.057035  disc=-0.039048  cd=0.000410  kl=0.1873  adv=4.211738  λ_adv=0.0020  fm=0.048015  val=0.000649  val_ema=0.000592  adv_mode=ON
2026-05-27 17:08:40,715 - training - INFO - Epoch  11 | gen=0.077407  disc=-0.076966  cd=0.000605  kl=0.3621  adv=6.334239  λ_adv=0.0040  fm=0.051102  val=0.001138  val_ema=0.000896  adv_mode=ON
2026-05-27 17:27:05,187 - training - INFO - Epoch  12 | gen=nan  disc=nan  cd=nan  kl=nan  adv=nan  λ_adv=0.0060  val=nan  val_ema=nan  adv_mode=ON
2026-05-27 17:45:19,970 - training - INFO - Epoch  13 | gen=nan  disc=nan  cd=nan  kl=nan  adv=nan  λ_adv=0.0080  val=nan  val_ema=nan  adv_mode=ON
2026-05-27 18:03:32,205 - training - INFO - Epoch  14 | gen=nan  disc=nan  cd=nan  kl=nan  adv=nan  λ_adv=0.0100  val=nan  val_ema=nan  adv_mode=ON
2026-05-27 18:21:43,161 - training - INFO - Epoch  15 | gen=nan  disc=nan  cd=nan  kl=nan  adv=nan  λ_adv=0.0100  val=nan  val_ema=nan  adv_mode=ON
2026-05-27 18:39:52,843 - training - INFO - Epoch  16 | gen=nan  disc=nan  cd=nan  kl=nan  adv=nan  λ_adv=0.0100  val=nan  val_ema=nan  adv_mode=ON
2026-05-27 18:58:03,833 - training - INFO - Epoch  17 | gen=nan  disc=nan  cd=nan  kl=nan  adv=nan  λ_adv=0.0100  val=nan  val_ema=nan  adv_mode=ON
2026-05-27 19:16:14,427 - training - INFO - Epoch  18 | gen=nan  disc=nan  cd=nan  kl=nan  adv=nan  λ_adv=0.0100  val=nan  val_ema=nan  adv_mode=ON
2026-05-27 19:34:23,440 - training - INFO - Epoch  19 | gen=nan  disc=nan  cd=nan  kl=nan  adv=nan  λ_adv=0.0100  val=nan  val_ema=nan  adv_mode=ON
2026-05-27 19:52:33,353 - training - INFO - Epoch  20 | gen=nan  disc=nan  cd=nan  kl=nan  adv=nan  λ_adv=0.0100  val=nan  val_ema=nan  adv_mode=ON
2026-05-27 20:10:43,472 - training - INFO - Epoch  21 | gen=nan  disc=nan  cd=nan  kl=nan  adv=nan  λ_adv=0.0100  val=nan  val_ema=nan  adv_mode=ON
2026-05-27 20:28:53,425 - training - INFO - Epoch  22 | gen=nan  disc=nan  cd=nan  kl=nan  adv=nan  λ_adv=0.0100  val=nan  val_ema=nan  adv_mode=ON
2026-05-27 20:47:03,297 - training - INFO - Epoch  23 | gen=nan  disc=nan  cd=nan  kl=nan  adv=nan  λ_adv=0.0100  val=nan  val_ema=nan  adv_mode=ON
2026-05-27 21:05:11,728 - training - INFO - Epoch  24 | gen=nan  disc=nan  cd=nan  kl=nan  adv=nan  λ_adv=0.0100  val=nan  val_ema=nan  adv_mode=ON
2026-05-27 21:23:22,030 - training - INFO - Epoch  25 | gen=nan  disc=nan  cd=nan  kl=nan  adv=nan  λ_adv=0.0100  val=nan  val_ema=nan  adv_mode=ON
2026-05-27 21:41:32,158 - training - INFO - Epoch  26 | gen=nan  disc=nan  cd=nan  kl=nan  adv=nan  λ_adv=0.0100  val=nan  val_ema=nan  adv_mode=ON
2026-05-27 21:59:41,776 - training - INFO - Epoch  27 | gen=nan  disc=nan  cd=nan  kl=nan  adv=nan  λ_adv=0.0100  val=nan  val_ema=nan  adv_mode=ON
2026-05-27 22:17:51,071 - training - INFO - Epoch  28 | gen=nan  disc=nan  cd=nan  kl=nan  adv=nan  λ_adv=0.0100  val=nan  val_ema=nan  adv_mode=ON
2026-05-27 22:36:02,093 - training - INFO - Epoch  29 | gen=nan  disc=nan  cd=nan  kl=nan  adv=nan  λ_adv=0.0100  val=nan  val_ema=nan  adv_mode=ON
2026-05-27 22:36:02,176 - training - INFO - Training complete.
