2026-05-27 13:13:41,316 - training - INFO - Logger initialized. Log file: checkpoints/vae_gan_v1gt_ramped_fixed_20260527_1313/training_20260527_131341.log
2026-05-27 13:13:41,316 - training - INFO - Namespace(data_path='/home/anywherevla/Simon_ws/dataset/SemanticKITTI/dataset', batch_size=8, num_workers=4, num_epochs=30, lr_gen=0.0001, weight_decay_gen=0.0001, gradient_clip=1.0, warmup_epochs=10, lr_disc=0.0001, n_critic=2, lambda_gp=10.0, lambda_adv=0.01, lambda_adv_ramp_epochs=5, lambda_fm=1.0, disc_warmup_epochs=10, use_ema=True, ema_decay=0.999, ema_start_epoch=10, latent_dim=1024, num_decoded_points=8000, num_latent_tokens=32, internal_dim=256, num_heads=4, num_dec_blocks=5, beta_kl=0.001, point_max_complete=8000, point_max_partial=20000, center_gt=True, scale_gt=True, output_dir='checkpoints/vae_gan_v1gt_ramped_fixed_20260527_1313', log_dir='logs/vae_gan_v1gt_ramped_fixed_20260527_1313', save_freq=5, resume_vae='checkpoints/point_vae_v3/best_point_vae.pth', resume=None, device=None, gt_subdir='ground_truth_v1', gt_name_suffix='', seed=42)
2026-05-27 13:13:41,317 - training - INFO - Seeded with 42
2026-05-27 13:13:41,395 - training - INFO - Using device: cuda
2026-05-27 13:13:41,826 - training - INFO - VAE parameters:           7,107,523
2026-05-27 13:13:41,826 - training - INFO - Discriminator parameters: 372,225
2026-05-27 13:13:42,435 - training - INFO - Loaded pre-trained VAE V3 from checkpoints/point_vae_v3/best_point_vae.pth
2026-05-27 13:13:42,439 - training - INFO - EMA tracking enabled (decay=0.999, start_epoch=10)
2026-05-27 13:25:43,726 - training - INFO - Epoch   0 | gen=0.000493  disc=0.000000  cd=0.000410  kl=0.0828  val=0.000476  adv_mode=OFF
2026-05-27 13:25:43,848 - training - INFO -   → saved best checkpoint (val=0.000476)
2026-05-27 13:37:46,186 - training - INFO - Epoch   1 | gen=0.000414  disc=0.000000  cd=0.000336  kl=0.0778  val=0.000416  adv_mode=OFF
2026-05-27 13:37:46,460 - training - INFO -   → saved best checkpoint (val=0.000416)
2026-05-27 13:49:48,010 - training - INFO - Epoch   2 | gen=0.000382  disc=0.000000  cd=0.000310  kl=0.0715  val=0.000397  adv_mode=OFF
2026-05-27 13:49:48,303 - training - INFO -   → saved best checkpoint (val=0.000397)
2026-05-27 14:01:50,792 - training - INFO - Epoch   3 | gen=0.000368  disc=0.000000  cd=0.000299  kl=0.0692  val=0.000386  adv_mode=OFF
2026-05-27 14:01:51,076 - training - INFO -   → saved best checkpoint (val=0.000386)
2026-05-27 14:13:55,549 - training - INFO - Epoch   4 | gen=0.000359  disc=0.000000  cd=0.000291  kl=0.0677  val=0.000379  adv_mode=OFF
2026-05-27 14:13:55,824 - training - INFO -   → saved best checkpoint (val=0.000379)
2026-05-27 14:25:56,660 - training - INFO - Epoch   5 | gen=0.000352  disc=0.000000  cd=0.000286  kl=0.0669  val=0.000376  adv_mode=OFF
2026-05-27 14:25:56,937 - training - INFO -   → saved best checkpoint (val=0.000376)
2026-05-27 14:38:00,547 - training - INFO - Epoch   6 | gen=0.000349  disc=0.000000  cd=0.000282  kl=0.0664  val=0.000372  adv_mode=OFF
2026-05-27 14:38:00,836 - training - INFO -   → saved best checkpoint (val=0.000372)
2026-05-27 14:50:00,940 - training - INFO - Epoch   7 | gen=0.000347  disc=0.000000  cd=0.000280  kl=0.0668  val=0.000371  adv_mode=OFF
2026-05-27 14:50:01,214 - training - INFO -   → saved best checkpoint (val=0.000371)
2026-05-27 15:01:59,807 - training - INFO - Epoch   8 | gen=0.000343  disc=0.000000  cd=0.000277  kl=0.0657  val=0.000367  adv_mode=OFF
2026-05-27 15:02:00,081 - training - INFO -   → saved best checkpoint (val=0.000367)
2026-05-27 15:13:58,708 - training - INFO - Epoch   9 | gen=0.000341  disc=0.000000  cd=0.000275  kl=0.0653  val=0.000369  adv_mode=OFF
2026-05-27 15:32:54,081 - training - INFO - Epoch  10 | gen=0.055383  disc=-0.040654  cd=0.000411  kl=0.1886  adv=3.325578  λ_adv=0.0020  fm=0.048132  val=0.000652  val_ema=0.000594  adv_mode=ON
2026-05-27 15:51:49,905 - training - INFO - Epoch  11 | gen=0.057874  disc=-0.058763  cd=0.000401  kl=0.2208  adv=5.191026  λ_adv=0.0040  fm=0.036488  val=0.000658  val_ema=0.000643  adv_mode=ON
2026-05-27 16:10:45,408 - training - INFO - Epoch  12 | gen=0.063960  disc=-0.049877  cd=0.000400  kl=0.2307  adv=5.332612  λ_adv=0.0060  fm=0.031333  val=0.000675  val_ema=0.000661  adv_mode=ON
