2026-07-19 12:10:01,684 - training - INFO - Logger initialized. Log file: checkpoints/vae_gan_token_cond_adaptive_r1_uncond/training_20260719_121001.log
2026-07-19 12:10:01,685 - training - INFO - Namespace(data_path='/home/anywherevla/Simon_ws/dataset/SemanticKITTI/dataset', batch_size=4, num_workers=4, num_epochs=25, lr_gen=0.0003, weight_decay_gen=0.0001, gradient_clip=1.0, warmup_epochs=10, lr_disc=1e-05, n_critic=5, lambda_gp=10.0, critic_drift=0.01, lambda_adv=0.01, lambda_adv_ramp_epochs=3, lambda_fm=0.0, disc_warmup_epochs=2, critic='token', critic_tokens=32, critic_dim=256, critic_layers=2, conditional_critic=False, adaptive_adv=True, adaptive_max=10000.0, gp_mode='r1', log_grad_align=True, use_ema=True, ema_decay=0.999, ema_start_epoch=0, latent_dim=1024, num_decoded_points=8000, num_latent_tokens=32, internal_dim=256, num_heads=4, num_dec_blocks=5, beta_kl=0.001, val_stochastic=False, point_max_complete=8000, point_max_partial=20000, center_gt=True, scale_gt=True, output_dir='checkpoints/vae_gan_token_cond_adaptive_r1_uncond', log_dir='logs/vae_gan_token_cond_adaptive_r1_uncond', save_freq=5, resume_vae='checkpoints/point_vae_v3/best_point_vae.pth', resume=None, device='cuda', gt_subdir='ground_truth_v1', gt_name_suffix='', seed=42)
2026-07-19 12:10:01,685 - training - INFO - Seeded with 42
2026-07-19 12:10:01,685 - training - INFO - Using device: cuda
2026-07-19 12:10:02,210 - training - INFO - Critic: token  (adaptive_adv=True, gp_mode=r1, conditional=False)
2026-07-19 12:10:02,210 - training - INFO - VAE parameters:           7,107,523
2026-07-19 12:10:02,210 - training - INFO - Discriminator parameters: 1,689,601
2026-07-19 12:10:02,924 - training - INFO - Loaded pre-trained VAE V3 from checkpoints/point_vae_v3/best_point_vae.pth
2026-07-19 12:10:02,928 - training - INFO - EMA tracking enabled (decay=0.999, start_epoch=0)
2026-07-19 12:22:53,022 - training - INFO - Epoch   0 | gen=0.000445  disc=0.000000  cd=0.000364  kl=0.0812  val=0.000460  val_ema=0.000467  adv_mode=OFF
2026-07-19 12:22:53,157 - training - INFO -   → saved best checkpoint (val=0.000467)
2026-07-19 12:35:44,321 - training - INFO - Epoch   1 | gen=0.000381  disc=0.000000  cd=0.000309  kl=0.0712  val=0.000417  val_ema=0.000424  adv_mode=OFF
2026-07-19 12:35:44,612 - training - INFO -   → saved best checkpoint (val=0.000424)
2026-07-19 13:16:47,661 - training - INFO - Epoch   2 | gen=0.000484  disc=1431.236677  cd=0.000293  kl=0.0676  adv=378.002651  λ_adv=0.0033  adapt_w=0.0002  cos(rec,adv)=-0.004  val=0.000413  val_ema=0.000409  adv_mode=ON
2026-07-19 13:16:47,965 - training - INFO -   → saved best checkpoint (val=0.000409)
2026-07-19 13:57:51,931 - training - INFO - Epoch   3 | gen=0.001210  disc=62372.906813  cd=0.000287  kl=0.0664  adv=3861.524020  λ_adv=0.0067  adapt_w=0.0000  cos(rec,adv)=-0.009  val=0.000399  val_ema=0.000398  adv_mode=ON
2026-07-19 13:57:52,262 - training - INFO -   → saved best checkpoint (val=0.000398)
2026-07-19 14:38:55,733 - training - INFO - Epoch   4 | gen=0.001100  disc=1884853.327822  cd=0.000283  kl=0.0660  adv=7324.688875  λ_adv=0.0100  adapt_w=0.0000  cos(rec,adv)=-0.016  val=0.000393  val_ema=0.000384  adv_mode=ON
2026-07-19 14:38:56,066 - training - INFO -   → saved best checkpoint (val=0.000384)
2026-07-19 15:20:01,304 - training - INFO - Epoch   5 | gen=0.001996  disc=18780881.012913  cd=0.000282  kl=0.0655  adv=12633.148164  λ_adv=0.0100  adapt_w=0.0000  cos(rec,adv)=-0.014  val=0.000388  val_ema=0.000380  adv_mode=ON
2026-07-19 15:20:01,635 - training - INFO -   → saved best checkpoint (val=0.000380)
